<?xml version="1.0" encoding="UTF-8"?>
<testsuite name="com.jinny.test.springboot.domain.posts.PostsRepositoryTest" tests="1" skipped="0" failures="0" errors="0" timestamp="2020-08-07T07:44:07" hostname="maeg-ui-MacBook-Pro.local" time="0.02">
  <properties/>
  <testcase name="게시글저장_불러오기" classname="com.jinny.test.springboot.domain.posts.PostsRepositoryTest" time="0.02"/>
  <system-out><![CDATA[2020-08-07 16:44:06.095  INFO 2389 --- [    Test worker] .b.t.c.SpringBootTestContextBootstrapper : Neither @ContextConfiguration nor @ContextHierarchy found for test class [com.jinny.test.springboot.domain.posts.PostsRepositoryTest], using SpringBootContextLoader
2020-08-07 16:44:06.096  INFO 2389 --- [    Test worker] o.s.t.c.support.AbstractContextLoader    : Could not detect default resource locations for test class [com.jinny.test.springboot.domain.posts.PostsRepositoryTest]: no resource found for suffixes {-context.xml, Context.groovy}.
2020-08-07 16:44:06.096  INFO 2389 --- [    Test worker] t.c.s.AnnotationConfigContextLoaderUtils : Could not detect default configuration classes for test class [com.jinny.test.springboot.domain.posts.PostsRepositoryTest]: PostsRepositoryTest does not declare any static, non-private, non-final, nested classes annotated with @Configuration.
2020-08-07 16:44:06.102  INFO 2389 --- [    Test worker] .b.t.c.SpringBootTestContextBootstrapper : Found @SpringBootConfiguration com.jinny.test.springboot.Application for test class com.jinny.test.springboot.domain.posts.PostsRepositoryTest
2020-08-07 16:44:06.103  INFO 2389 --- [    Test worker] .b.t.c.SpringBootTestContextBootstrapper : Loaded default TestExecutionListener class names from location [META-INF/spring.factories]: [org.springframework.boot.test.autoconfigure.restdocs.RestDocsTestExecutionListener, org.springframework.boot.test.autoconfigure.web.client.MockRestServiceServerResetTestExecutionListener, org.springframework.boot.test.autoconfigure.web.servlet.MockMvcPrintOnlyOnFailureTestExecutionListener, org.springframework.boot.test.autoconfigure.web.servlet.WebDriverTestExecutionListener, org.springframework.boot.test.mock.mockito.MockitoTestExecutionListener, org.springframework.boot.test.mock.mockito.ResetMocksTestExecutionListener, org.springframework.test.context.web.ServletTestExecutionListener, org.springframework.test.context.support.DirtiesContextBeforeModesTestExecutionListener, org.springframework.test.context.support.DependencyInjectionTestExecutionListener, org.springframework.test.context.support.DirtiesContextTestExecutionListener, org.springframework.test.context.transaction.TransactionalTestExecutionListener, org.springframework.test.context.jdbc.SqlScriptsTestExecutionListener]
2020-08-07 16:44:06.103  INFO 2389 --- [    Test worker] .b.t.c.SpringBootTestContextBootstrapper : Using TestExecutionListeners: [org.springframework.test.context.web.ServletTestExecutionListener@68c2e995, org.springframework.test.context.support.DirtiesContextBeforeModesTestExecutionListener@b344ae1, org.springframework.boot.test.mock.mockito.MockitoTestExecutionListener@7c146bef, org.springframework.boot.test.autoconfigure.SpringBootDependencyInjectionTestExecutionListener@2da5a8dc, org.springframework.test.context.support.DirtiesContextTestExecutionListener@525472bc, org.springframework.test.context.transaction.TransactionalTestExecutionListener@7b1e4955, org.springframework.test.context.jdbc.SqlScriptsTestExecutionListener@248a0eca, org.springframework.boot.test.autoconfigure.restdocs.RestDocsTestExecutionListener@24e9a1cf, org.springframework.boot.test.autoconfigure.web.client.MockRestServiceServerResetTestExecutionListener@5559e67c, org.springframework.boot.test.autoconfigure.web.servlet.MockMvcPrintOnlyOnFailureTestExecutionListener@5c044963, org.springframework.boot.test.autoconfigure.web.servlet.WebDriverTestExecutionListener@288cf077, org.springframework.boot.test.mock.mockito.ResetMocksTestExecutionListener@4182db70]

  .   ____          _            __ _ _
 /\\ / ___'_ __ _ _(_)_ __  __ _ \ \ \ \
( ( )\___ | '_ | '_| | '_ \/ _` | \ \ \ \
 \\/  ___)| |_)| | | | | || (_| |  ) ) ) )
  '  |____| .__|_| |_|_| |_\__, | / / / /
 =========|_|==============|___/=/_/_/_/
 :: Spring Boot ::        (v2.1.7.RELEASE)

2020-08-07 16:44:06.140  INFO 2389 --- [    Test worker] c.j.t.s.d.posts.PostsRepositoryTest      : Starting PostsRepositoryTest on maeg-ui-MacBook-Pro.local with PID 2389 (started by mac in /Users/mac/Desktop/STUDY/springboot-test)
2020-08-07 16:44:06.140  INFO 2389 --- [    Test worker] c.j.t.s.d.posts.PostsRepositoryTest      : The following profiles are active: oauth
2020-08-07 16:44:06.297  INFO 2389 --- [    Test worker] .s.d.r.c.RepositoryConfigurationDelegate : Bootstrapping Spring Data repositories in DEFAULT mode.
2020-08-07 16:44:06.308  INFO 2389 --- [    Test worker] .s.d.r.c.RepositoryConfigurationDelegate : Finished Spring Data repository scanning in 11ms. Found 2 repository interfaces.
2020-08-07 16:44:06.386  INFO 2389 --- [    Test worker] trationDelegate$BeanPostProcessorChecker : Bean 'org.springframework.transaction.annotation.ProxyTransactionManagementConfiguration' of type [org.springframework.transaction.annotation.ProxyTransactionManagementConfiguration$$EnhancerBySpringCGLIB$$9a261d59] is not eligible for getting processed by all BeanPostProcessors (for example: not eligible for auto-proxying)
2020-08-07 16:44:06.484  INFO 2389 --- [    Test worker] com.zaxxer.hikari.HikariDataSource       : HikariPool-2 - Starting...
2020-08-07 16:44:06.486  INFO 2389 --- [    Test worker] com.zaxxer.hikari.HikariDataSource       : HikariPool-2 - Start completed.
2020-08-07 16:44:06.505  INFO 2389 --- [    Test worker] o.hibernate.jpa.internal.util.LogHelper  : HHH000204: Processing PersistenceUnitInfo [
	name: default
	...]
2020-08-07 16:44:06.510  INFO 2389 --- [    Test worker] org.hibernate.dialect.Dialect            : HHH000400: Using dialect: org.hibernate.dialect.MySQL5InnoDBDialect
Hibernate: drop table if exists posts
Hibernate: drop table if exists user
Hibernate: create table posts (id bigint not null auto_increment, created_date datetime, modified_date datetime, author varchar(255), content TEXT not null, title varchar(500) not null, primary key (id)) engine=InnoDB
Hibernate: create table user (id bigint not null auto_increment, created_date datetime, modified_date datetime, email varchar(255) not null, name varchar(255) not null, picture varchar(255), role varchar(255) not null, primary key (id)) engine=InnoDB
2020-08-07 16:44:06.563  INFO 2389 --- [    Test worker] o.h.t.schema.internal.SchemaCreatorImpl  : HHH000476: Executing import script 'org.hibernate.tool.schema.internal.exec.ScriptSourceInputNonExistentImpl@744454f1'
2020-08-07 16:44:06.563  INFO 2389 --- [    Test worker] j.LocalContainerEntityManagerFactoryBean : Initialized JPA EntityManagerFactory for persistence unit 'default'
2020-08-07 16:44:06.615  INFO 2389 --- [    Test worker] o.h.h.i.QueryTranslatorFactoryInitiator  : HHH000397: Using ASTQueryTranslatorFactory
2020-08-07 16:44:06.973  INFO 2389 --- [    Test worker] o.s.s.concurrent.ThreadPoolTaskExecutor  : Initializing ExecutorService 'applicationTaskExecutor'
2020-08-07 16:44:06.985  WARN 2389 --- [    Test worker] aWebConfiguration$JpaWebMvcConfiguration : spring.jpa.open-in-view is enabled by default. Therefore, database queries may be performed during view rendering. Explicitly configure spring.jpa.open-in-view to disable this warning
2020-08-07 16:44:07.042  INFO 2389 --- [    Test worker] o.s.b.a.w.s.WelcomePageHandlerMapping    : Adding welcome page template: index
2020-08-07 16:44:07.245  INFO 2389 --- [    Test worker] c.j.t.s.d.posts.PostsRepositoryTest      : Started PostsRepositoryTest in 1.141 seconds (JVM running for 8.536)
Hibernate: insert into posts (created_date, modified_date, author, content, title) values (?, ?, ?, ?, ?)
Hibernate: select posts0_.id as id1_0_, posts0_.created_date as created_2_0_, posts0_.modified_date as modified3_0_, posts0_.author as author4_0_, posts0_.content as content5_0_, posts0_.title as title6_0_ from posts posts0_
Hibernate: select posts0_.id as id1_0_, posts0_.created_date as created_2_0_, posts0_.modified_date as modified3_0_, posts0_.author as author4_0_, posts0_.content as content5_0_, posts0_.title as title6_0_ from posts posts0_
Hibernate: delete from posts where id=?
]]></system-out>
  <system-err><![CDATA[]]></system-err>
</testsuite>
