<?xml version="1.0" encoding="UTF-8"?>
<testsuite name="com.jinny.test.springboot.web.dto.HelloResponseDtoTest" tests="1" skipped="0" failures="0" errors="0" timestamp="2020-08-07T07:44:01" hostname="maeg-ui-MacBook-Pro.local" time="0.086">
  <properties/>
  <testcase name="롬복_기능_테스트" classname="com.jinny.test.springboot.web.dto.HelloResponseDtoTest" time="0.086"/>
  <system-out><![CDATA[]]></system-out>
  <system-err><![CDATA[]]></system-err>
</testsuite>
